<?xml version="1.0" encoding="UTF-8"?>
<testsuite name="com.xan.HelloWorldActionTest" tests="1" failures="0" errors="0" timestamp="2014-04-03T03:54:17" hostname="rvanderwerf-XPS-L421X" time="0.0">
  <properties/>
  <testcase name="testHelloWorldAction" classname="com.xan.HelloWorldActionTest" time="0.0"/>
  <system-out><![CDATA[]]></system-out>
  <system-err><![CDATA[]]></system-err>
</testsuite>
